###############################################################################
#                                                                             #
# IAR C/C++ Compiler V5.51.1.50592/W32 for MSP430       16/Nov/2012  04:35:58 #
# Copyright 1996-2012 IAR Systems AB.                                         #
#                                                                             #
#    __rt_version  =  3                                                       #
#    __double_size =  64                                                      #
#    __reg_r4      =  free                                                    #
#    __reg_r5      =  free                                                    #
#    __pic         =  no                                                      #
#    __core        =  430X                                                    #
#    __data_model  =  large                                                   #
#    Source file   =  C:\Users\woosuk\Dropbox\lws\ESL\3. Research\7. Fall     #
#                     2012\4_CLEON\3_software\1_developing\cleon\fs\fs_pff.c  #
#    Command line  =  "C:\Users\woosuk\Dropbox\lws\ESL\3. Research\7. Fall    #
#                     2012\4_CLEON\3_software\1_developing\cleon\fs\fs_pff.c" #
#                      -lC "C:\Users\woosuk\Dropbox\lws\ESL\3. Research\7.    #
#                     Fall 2012\4_CLEON\3_software\1_developing\cleon\Debug\L #
#                     ist\" -la "C:\Users\woosuk\Dropbox\lws\ESL\3.           #
#                     Research\7. Fall 2012\4_CLEON\3_software\1_developing\c #
#                     leon\Debug\List\" -o "C:\Users\woosuk\Dropbox\lws\ESL\3 #
#                     . Research\7. Fall 2012\4_CLEON\3_software\1_developing #
#                     \cleon\Debug\Obj\" --debug -D__MSP430F5338__ -e         #
#                     --double=64 --dlib_config "C:\Program Files (x86)\IAR   #
#                     Systems\Embedded Workbench                              #
#                     6.4\430\LIB\DLIB\dl430xldn.h" -I                        #
#                     "C:\Users\woosuk\Dropbox\lws\ESL\3. Research\7. Fall    #
#                     2012\4_CLEON\3_software\1_developing\cleon\sys\" -I     #
#                     "C:\Users\woosuk\Dropbox\lws\ESL\3. Research\7. Fall    #
#                     2012\4_CLEON\3_software\1_developing\cleon\hal\" -I     #
#                     "C:\Users\woosuk\Dropbox\lws\ESL\3. Research\7. Fall    #
#                     2012\4_CLEON\3_software\1_developing\cleon\platform\"   #
#                     -I "C:\Users\woosuk\Dropbox\lws\ESL\3. Research\7.      #
#                     Fall 2012\4_CLEON\3_software\1_developing\cleon\fs\"    #
#                     -I "C:\Users\woosuk\Dropbox\lws\ESL\3. Research\7.      #
#                     Fall 2012\4_CLEON\3_software\1_developing\cleon\"       #
#                     --core=430X --data_model=large -Oh --multiplier=32      #
#                     --multiplier_location=4C0 --hw_workaround=CPU40         #
#    List file     =  C:\Users\woosuk\Dropbox\lws\ESL\3. Research\7. Fall     #
#                     2012\4_CLEON\3_software\1_developing\cleon\Debug\List\f #
#                     s_pff.lst                                               #
#    Object file   =  C:\Users\woosuk\Dropbox\lws\ESL\3. Research\7. Fall     #
#                     2012\4_CLEON\3_software\1_developing\cleon\Debug\Obj\fs #
#                     _pff.r43                                                #
#                                                                             #
#                                                                             #
###############################################################################

C:\Users\woosuk\Dropbox\lws\ESL\3. Research\7. Fall 2012\4_CLEON\3_software\1_developing\cleon\fs\fs_pff.c
      1          /**
      2          @file       fs_pff.c
      3          
      4          @brief      Petit file system
      5          */
      6          
      7          #include "cleon_conf.h"
      8          #include "sys_define.h"
      9          #include "hal_define.h"
     10          #include "fs_define.h"
     11          


 

 


Errors: none
Warnings: none
