###############################################################################
#                                                                             #
# IAR C/C++ Compiler V5.52.1.50724/W32 for MSP430       26/May/2013  01:02:18 #
# Copyright 1996-2013 IAR Systems AB.                                         #
#                                                                             #
#    __rt_version  =  3                                                       #
#    __double_size =  64                                                      #
#    __reg_r4      =  free                                                    #
#    __reg_r5      =  free                                                    #
#    __pic         =  no                                                      #
#    __core        =  430X                                                    #
#    __data_model  =  large                                                   #
#    Source file   =  C:\Users\woosuk\Dropbox\lws\ESL\3. Research\9. Summer   #
#                     2013\2_cleon\4. Development\1.                          #
#                     Software\cleon\hal\hal_spi.c                            #
#    Command line  =  "C:\Users\woosuk\Dropbox\lws\ESL\3. Research\9. Summer  #
#                     2013\2_cleon\4. Development\1.                          #
#                     Software\cleon\hal\hal_spi.c" -lC                       #
#                     "C:\Users\woosuk\Dropbox\lws\ESL\3. Research\9. Summer  #
#                     2013\2_cleon\4. Development\1.                          #
#                     Software\cleon\Debug\List\" -la                         #
#                     "C:\Users\woosuk\Dropbox\lws\ESL\3. Research\9. Summer  #
#                     2013\2_cleon\4. Development\1.                          #
#                     Software\cleon\Debug\List\" -o                          #
#                     "C:\Users\woosuk\Dropbox\lws\ESL\3. Research\9. Summer  #
#                     2013\2_cleon\4. Development\1.                          #
#                     Software\cleon\Debug\Obj\" --no_cse --no_unroll         #
#                     --no_inline --no_code_motion --no_tbaa --debug          #
#                     -D__MSP430F5338__ -e --double=64 --dlib_config          #
#                     "C:\Program Files (x86)\IAR Systems\Embedded Workbench  #
#                     6.5\430\LIB\DLIB\dl430xldn.h" -I                        #
#                     "C:\Users\woosuk\Dropbox\lws\ESL\3. Research\9. Summer  #
#                     2013\2_cleon\4. Development\1. Software\cleon\intro\"   #
#                     -I "C:\Users\woosuk\Dropbox\lws\ESL\3. Research\9.      #
#                     Summer 2013\2_cleon\4. Development\1.                   #
#                     Software\cleon\sys\" -I "C:\Users\woosuk\Dropbox\lws\ES #
#                     L\3. Research\9. Summer 2013\2_cleon\4. Development\1.  #
#                     Software\cleon\hal\" -I "C:\Users\woosuk\Dropbox\lws\ES #
#                     L\3. Research\9. Summer 2013\2_cleon\4. Development\1.  #
#                     Software\cleon\hal\rtclib\" -I                          #
#                     "C:\Users\woosuk\Dropbox\lws\ESL\3. Research\9. Summer  #
#                     2013\2_cleon\4. Development\1.                          #
#                     Software\cleon\platform\" -I                            #
#                     "C:\Users\woosuk\Dropbox\lws\ESL\3. Research\9. Summer  #
#                     2013\2_cleon\4. Development\1. Software\cleon\fs\" -I   #
#                     "C:\Users\woosuk\Dropbox\lws\ESL\3. Research\9. Summer  #
#                     2013\2_cleon\4. Development\1.                          #
#                     Software\cleon\fs\FatFs\" -I                            #
#                     "C:\Users\woosuk\Dropbox\lws\ESL\3. Research\9. Summer  #
#                     2013\2_cleon\4. Development\1. Software\cleon\app\" -I  #
#                     "C:\Users\woosuk\Dropbox\lws\ESL\3. Research\9. Summer  #
#                     2013\2_cleon\4. Development\1. Software\cleon\"         #
#                     --core=430X --data_model=large -On --multiplier=32      #
#                     --multiplier_location=4C0 --hw_workaround=CPU40         #
#    List file     =  C:\Users\woosuk\Dropbox\lws\ESL\3. Research\9. Summer   #
#                     2013\2_cleon\4. Development\1.                          #
#                     Software\cleon\Debug\List\hal_spi.lst                   #
#    Object file   =  C:\Users\woosuk\Dropbox\lws\ESL\3. Research\9. Summer   #
#                     2013\2_cleon\4. Development\1.                          #
#                     Software\cleon\Debug\Obj\hal_spi.r43                    #
#                                                                             #
#                                                                             #
###############################################################################

C:\Users\woosuk\Dropbox\lws\ESL\3. Research\9. Summer 2013\2_cleon\4. Development\1. Software\cleon\hal\hal_spi.c
      1          /**
      2          @file       hal_spi.c
      3          
      4          @brief      SPI configuration
      5          */
      6          
      7          #include "cleon_conf.h"
      8          #include "app_define.h"
      9          #include "sys_define.h"

   \                                 In  segment DATA16_AN, at 0x620
   \   union <unnamed> __data16 _A_UCB1CTLW0_L
   \                     _A_UCB1CTLW0_L:
   \   000000                DS8 2

   \                                 In  segment DATA16_AN, at 0x626
   \   union <unnamed> __data16 _A_UCB1BRW_L
   \                     _A_UCB1BRW_L:
   \   000000                DS8 2

   \                                 In  segment DATA16_AN, at 0x63c
   \   union <unnamed> __data16 _A_UCB1ICTL_L
   \                     _A_UCB1ICTL_L:
   \   000000                DS8 2
     10          #include "hal_define.h"
     11          #include "fs_define.h"
     12          
     13          /*----------------------------------------------------------------------------*/
     14          /**
     15          @brief    Initializing SPI
     16          
     17          @return   void 
     18          
     19          @param    void
     20          */

   \                                 In  segment CODE, align 2
     21          void HAL_SPI_Init(void)
   \                     HAL_SPI_Init:
     22          { 
     23              //Initialize UCB1 for SPI Master operation
     24              UCB1CTL1 |= UCSWRST;                                    //Put state machine in reset
   \   000000   D2D32006     BIS.B   #0x1, &0x620
     25              UCB1CTL0  = UCCKPL | UCMSB | UCMST | UCMODE_0 | UCSYNC; //3-pin, 8-bit SPI master
   \   000004   F24069002106 MOV.B   #0x69, &0x621
     26          
     27              UCB1CTL1 = UCSWRST | UCSSEL_2;                          //Use SMCLK, keep RESET
   \   00000A   F24081002006 MOV.B   #0x81, &0x620
     28              UCB1BR0  = 31;                                          //Initial SPI clock must be <400kHz
   \   000010   F2401F002606 MOV.B   #0x1f, &0x626
     29              UCB1BR1  = 0;                                           //f_UCxCLK = 12MHz/31 = 387kHz
   \   000016   C2432706     MOV.B   #0x0, &0x627
     30              UCB1CTL1 &= ~UCSWRST;                                   //Release USCI state machine
   \   00001A   D2C32006     BIC.B   #0x1, &0x620
     31              UCB1IFG  &= ~UCRXIFG;
   \   00001E   D2C33D06     BIC.B   #0x1, &0x63d
     32          }
   \   000022   1001         RETA
   \   000024                REQUIRE _A_UCB1CTLW0_L
   \   000024                REQUIRE _A_UCB1BRW_L
   \   000024                REQUIRE _A_UCB1ICTL_L
     33          

   Maximum stack usage in bytes:

   CSTACK Function
   ------ --------
      4   HAL_SPI_Init


   Segment part sizes:

   Bytes  Function/Label
   -----  --------------
      36  HAL_SPI_Init
       2  _A_UCB1BRW_L
       2  _A_UCB1CTLW0_L
       2  _A_UCB1ICTL_L

 
 36 bytes in segment CODE
  6 bytes in segment DATA16_AN
 
 36 bytes of CODE memory
  0 bytes of DATA memory (+ 6 bytes shared)

Errors: none
Warnings: none
