###############################################################################
#                                                                             #
# IAR C/C++ Compiler V5.51.2.50607/W32 for MSP430       30/Jan/2013  03:24:40 #
# Copyright 1996-2012 IAR Systems AB.                                         #
#                                                                             #
#    __rt_version  =  3                                                       #
#    __double_size =  64                                                      #
#    __reg_r4      =  free                                                    #
#    __reg_r5      =  free                                                    #
#    __pic         =  no                                                      #
#    __core        =  430X                                                    #
#    __data_model  =  large                                                   #
#    Source file   =  C:\Users\Woosuk\Dropbox\lws\ESL\3. Research\8. Spring   #
#                     2013\4_cleon\3_software\cleon2\doc\intro.c              #
#    Command line  =  "C:\Users\Woosuk\Dropbox\lws\ESL\3. Research\8. Spring  #
#                     2013\4_cleon\3_software\cleon2\doc\intro.c" -lC         #
#                     "C:\Users\Woosuk\Dropbox\lws\ESL\3. Research\8. Spring  #
#                     2013\4_cleon\3_software\cleon2\Debug\List\" -la         #
#                     "C:\Users\Woosuk\Dropbox\lws\ESL\3. Research\8. Spring  #
#                     2013\4_cleon\3_software\cleon2\Debug\List\" -o          #
#                     "C:\Users\Woosuk\Dropbox\lws\ESL\3. Research\8. Spring  #
#                     2013\4_cleon\3_software\cleon2\Debug\Obj\" --no_cse     #
#                     --no_unroll --no_inline --no_code_motion --no_tbaa      #
#                     --debug -D__MSP430F5338__ -e --double=64 --dlib_config  #
#                     "C:\Program Files (x86)\IAR Systems\Embedded Workbench  #
#                     6.4\430\LIB\DLIB\dl430xldn.h" -I                        #
#                     "C:\Users\Woosuk\Dropbox\lws\ESL\3. Research\8. Spring  #
#                     2013\4_cleon\3_software\cleon2\intro\" -I               #
#                     "C:\Users\Woosuk\Dropbox\lws\ESL\3. Research\8. Spring  #
#                     2013\4_cleon\3_software\cleon2\sys\" -I                 #
#                     "C:\Users\Woosuk\Dropbox\lws\ESL\3. Research\8. Spring  #
#                     2013\4_cleon\3_software\cleon2\hal\" -I                 #
#                     "C:\Users\Woosuk\Dropbox\lws\ESL\3. Research\8. Spring  #
#                     2013\4_cleon\3_software\cleon2\hal\rtclib\" -I          #
#                     "C:\Users\Woosuk\Dropbox\lws\ESL\3. Research\8. Spring  #
#                     2013\4_cleon\3_software\cleon2\platform\" -I            #
#                     "C:\Users\Woosuk\Dropbox\lws\ESL\3. Research\8. Spring  #
#                     2013\4_cleon\3_software\cleon2\fs\" -I                  #
#                     "C:\Users\Woosuk\Dropbox\lws\ESL\3. Research\8. Spring  #
#                     2013\4_cleon\3_software\cleon2\fs\FatFs\" -I            #
#                     "C:\Users\Woosuk\Dropbox\lws\ESL\3. Research\8. Spring  #
#                     2013\4_cleon\3_software\cleon2\app\" -I                 #
#                     "C:\Users\Woosuk\Dropbox\lws\ESL\3. Research\8. Spring  #
#                     2013\4_cleon\3_software\cleon2\" --core=430X            #
#                     --data_model=large -On --multiplier=32                  #
#                     --multiplier_location=4C0 --hw_workaround=CPU40         #
#                     --hw_workaround=CPU42                                   #
#    List file     =  C:\Users\Woosuk\Dropbox\lws\ESL\3. Research\8. Spring   #
#                     2013\4_cleon\3_software\cleon2\Debug\List\intro.lst     #
#    Object file   =  C:\Users\Woosuk\Dropbox\lws\ESL\3. Research\8. Spring   #
#                     2013\4_cleon\3_software\cleon2\Debug\Obj\intro.r43      #
#                                                                             #
#                                                                             #
###############################################################################

C:\Users\Woosuk\Dropbox\lws\ESL\3. Research\8. Spring 2013\4_cleon\3_software\cleon2\doc\intro.c
      1          /** 
      2          @file       intro.c
      3          
      4          @brief      Introduction to CLEON (CLEO Node)
      5          
      6          @mainpage   Introduction
      7          
      8          @section    AUTHOR      AUTHOR
      9                                  - Woo Suk Lee
     10                                      - If you have any question for the firmware, please, contact me.
     11                                      - (lee992@purdue.edu)
     12          
     13          @section    DESC        DESCRIPTION
     14                                  - The firmware has been developed in collaboration between ESL(Embedded Systems Lab) at Purdue Univ and SERG(Sensing and Energy Research Group) at Microsoft Research, Redmond
     15                                  - The MCU used in this platform is MSP430F5338IPZ\n 
     16                                    (http://www.ti.com/product/msp430f5338)
     17                                  - FatFs file system is used for MicroSD card interface\n
     18                                    (http://elm-chan.org/fsw/ff/00index_e.html)
     19          
     20          @section    OBJECTIVE   OBJECTIVE
     21                                  - Firmware for 'CLEON'
     22          
     23          @section    REMARKS     REMARKS
     24                                  - Written and tested on 'IAR Embedded Workbench IDE for MSP430 - Version 5.51.4'
     25          */
     26          


 

 


Errors: none
Warnings: none
