###############################################################################
#                                                                             #
# IAR C/C++ Compiler V5.51.2.50607/W32 for MSP430       20/Feb/2013  20:58:23 #
# Copyright 1996-2012 IAR Systems AB.                                         #
#                                                                             #
#    __rt_version  =  3                                                       #
#    __double_size =  64                                                      #
#    __reg_r4      =  free                                                    #
#    __reg_r5      =  free                                                    #
#    __pic         =  no                                                      #
#    __core        =  430X                                                    #
#    __data_model  =  large                                                   #
#    Source file   =  C:\Users\Woosuk\Dropbox\lws\ESL\3. Research\8. Spring   #
#                     2013\3_cleon\3_software\cleon\main.c                    #
#    Command line  =  "C:\Users\Woosuk\Dropbox\lws\ESL\3. Research\8. Spring  #
#                     2013\3_cleon\3_software\cleon\main.c" -lC               #
#                     "C:\Users\Woosuk\Dropbox\lws\ESL\3. Research\8. Spring  #
#                     2013\3_cleon\3_software\cleon\Debug\List\" -la          #
#                     "C:\Users\Woosuk\Dropbox\lws\ESL\3. Research\8. Spring  #
#                     2013\3_cleon\3_software\cleon\Debug\List\" -o           #
#                     "C:\Users\Woosuk\Dropbox\lws\ESL\3. Research\8. Spring  #
#                     2013\3_cleon\3_software\cleon\Debug\Obj\" --no_cse      #
#                     --no_unroll --no_inline --no_code_motion --no_tbaa      #
#                     --debug -D__MSP430F5338__ -e --double=64 --dlib_config  #
#                     "C:\Program Files (x86)\IAR Systems\Embedded Workbench  #
#                     6.4\430\LIB\DLIB\dl430xldn.h" -I                        #
#                     "C:\Users\Woosuk\Dropbox\lws\ESL\3. Research\8. Spring  #
#                     2013\3_cleon\3_software\cleon\intro\" -I                #
#                     "C:\Users\Woosuk\Dropbox\lws\ESL\3. Research\8. Spring  #
#                     2013\3_cleon\3_software\cleon\sys\" -I                  #
#                     "C:\Users\Woosuk\Dropbox\lws\ESL\3. Research\8. Spring  #
#                     2013\3_cleon\3_software\cleon\hal\" -I                  #
#                     "C:\Users\Woosuk\Dropbox\lws\ESL\3. Research\8. Spring  #
#                     2013\3_cleon\3_software\cleon\hal\rtclib\" -I           #
#                     "C:\Users\Woosuk\Dropbox\lws\ESL\3. Research\8. Spring  #
#                     2013\3_cleon\3_software\cleon\platform\" -I             #
#                     "C:\Users\Woosuk\Dropbox\lws\ESL\3. Research\8. Spring  #
#                     2013\3_cleon\3_software\cleon\fs\" -I                   #
#                     "C:\Users\Woosuk\Dropbox\lws\ESL\3. Research\8. Spring  #
#                     2013\3_cleon\3_software\cleon\fs\FatFs\" -I             #
#                     "C:\Users\Woosuk\Dropbox\lws\ESL\3. Research\8. Spring  #
#                     2013\3_cleon\3_software\cleon\app\" -I                  #
#                     "C:\Users\Woosuk\Dropbox\lws\ESL\3. Research\8. Spring  #
#                     2013\3_cleon\3_software\cleon\" --core=430X             #
#                     --data_model=large -On --multiplier=32                  #
#                     --multiplier_location=4C0 --hw_workaround=CPU40         #
#                     --hw_workaround=CPU42                                   #
#    List file     =  C:\Users\Woosuk\Dropbox\lws\ESL\3. Research\8. Spring   #
#                     2013\3_cleon\3_software\cleon\Debug\List\main.lst       #
#    Object file   =  C:\Users\Woosuk\Dropbox\lws\ESL\3. Research\8. Spring   #
#                     2013\3_cleon\3_software\cleon\Debug\Obj\main.r43        #
#                                                                             #
#                                                                             #
###############################################################################

C:\Users\Woosuk\Dropbox\lws\ESL\3. Research\8. Spring 2013\3_cleon\3_software\cleon\main.c
      1          /** 
      2          @file       main.c
      3          
      4          @brief      Main entry for the CLEO sensor board firmware
      5          */
      6          
      7          #include "cleon_conf.h"
      8          #include "app_define.h"
      9          #include "sys_define.h"

   \                                 In  segment DATA16_AN, at 0x15c
   \   union <unnamed> __data16 _A_WDTCTL_L
   \                     _A_WDTCTL_L:
   \   000000                DS8 2
     10          #include "hal_define.h"
     11          #include "fs_define.h"
     12          

   \                                 In  segment CODE, align 2
     13          void main( void )
   \                     main:
     14          {
     15              //-------------- DO NOT MODIFY THIS INITIALIZATION PART ---------- START -//
     16              HAL_StopWDT();
   \   000000   B240805A5C01 MOV.W   #0x5a80, &0x15c
     17              
     18              HAL_DisableGlobalInterrupt();
   \   000006   32C2         DINT
   \   000008   0343         NOP
     19              SYS_Init();
   \   00000A   ........     CALLA   #SYS_Init
     20              HAL_EnableGlobalInterrupt();
   \   00000E   32D2         EINT
   \   000010   0343         NOP
     21              //-------------- DO NOT MODIFY THIS INITIALIZATION PART ---------- END ---//
     22           
     23              while(1){
     24                  HAL_ENTER_LPM4();
   \                     ??main_0:
   \   000012   32D0F800     BIS.W   #0xf8, SR
     25                  APP_Log();
   \   000016   ........     CALLA   #APP_Log
     26                  APP_USB_ProcessingRcvdFrame();
   \   00001A   ........     CALLA   #APP_USB_ProcessingRcvdFrame
   \   00001E   F93F         JMP     ??main_0
   \   000020   0343         NOP
   \   000022                REQUIRE _A_WDTCTL_L
     27              }
     28          }

   Maximum stack usage in bytes:

   CSTACK Function
   ------ --------
       4  main
            4 -> APP_Log
            4 -> APP_USB_ProcessingRcvdFrame
            4 -> SYS_Init


   Segment part sizes:

   Bytes  Function/Label
   -----  --------------
       2  _A_WDTCTL_L
      34  main

 
 34 bytes in segment CODE
  2 bytes in segment DATA16_AN
 
 34 bytes of CODE memory
  0 bytes of DATA memory (+ 2 bytes shared)

Errors: none
Warnings: none
