###############################################################################
#                                                                             #
# IAR C/C++ Compiler V5.51.2.50607/W32 for MSP430       07/Dec/2012  20:25:57 #
# Copyright 1996-2012 IAR Systems AB.                                         #
#                                                                             #
#    __rt_version  =  3                                                       #
#    __double_size =  64                                                      #
#    __reg_r4      =  free                                                    #
#    __reg_r5      =  free                                                    #
#    __pic         =  no                                                      #
#    __core        =  430X                                                    #
#    __data_model  =  large                                                   #
#    Source file   =  C:\Users\woosuk\Dropbox\lws\ESL\3. Research\7. Fall     #
#                     2012\4_CLEON\3_software\1_developing\cleon\doc\power_co #
#                     nsumption.c                                             #
#    Command line  =  "C:\Users\woosuk\Dropbox\lws\ESL\3. Research\7. Fall    #
#                     2012\4_CLEON\3_software\1_developing\cleon\doc\power_co #
#                     nsumption.c" -lC "C:\Users\woosuk\Dropbox\lws\ESL\3.    #
#                     Research\7. Fall 2012\4_CLEON\3_software\1_developing\c #
#                     leon\Debug\List\" -la "C:\Users\woosuk\Dropbox\lws\ESL\ #
#                     3. Research\7. Fall 2012\4_CLEON\3_software\1_developin #
#                     g\cleon\Debug\List\" -o "C:\Users\woosuk\Dropbox\lws\ES #
#                     L\3. Research\7. Fall 2012\4_CLEON\3_software\1_develop #
#                     ing\cleon\Debug\Obj\" --no_cse --no_unroll --no_inline  #
#                     --no_code_motion --no_tbaa --debug -D__MSP430F5338__    #
#                     -e --double=64 --dlib_config "C:\Program Files\IAR      #
#                     Systems\Embedded Workbench                              #
#                     6.4\430\LIB\DLIB\dl430xldn.h" -I                        #
#                     "C:\Users\woosuk\Dropbox\lws\ESL\3. Research\7. Fall    #
#                     2012\4_CLEON\3_software\1_developing\cleon\intro\" -I   #
#                     "C:\Users\woosuk\Dropbox\lws\ESL\3. Research\7. Fall    #
#                     2012\4_CLEON\3_software\1_developing\cleon\sys\" -I     #
#                     "C:\Users\woosuk\Dropbox\lws\ESL\3. Research\7. Fall    #
#                     2012\4_CLEON\3_software\1_developing\cleon\hal\" -I     #
#                     "C:\Users\woosuk\Dropbox\lws\ESL\3. Research\7. Fall    #
#                     2012\4_CLEON\3_software\1_developing\cleon\hal\rtclib\" #
#                      -I "C:\Users\woosuk\Dropbox\lws\ESL\3. Research\7.     #
#                     Fall 2012\4_CLEON\3_software\1_developing\cleon\platfor #
#                     m\" -I "C:\Users\woosuk\Dropbox\lws\ESL\3. Research\7.  #
#                     Fall 2012\4_CLEON\3_software\1_developing\cleon\fs\"    #
#                     -I "C:\Users\woosuk\Dropbox\lws\ESL\3. Research\7.      #
#                     Fall 2012\4_CLEON\3_software\1_developing\cleon\fs\FatF #
#                     s\" -I "C:\Users\woosuk\Dropbox\lws\ESL\3. Research\7.  #
#                     Fall 2012\4_CLEON\3_software\1_developing\cleon\app\"   #
#                     -I "C:\Users\woosuk\Dropbox\lws\ESL\3. Research\7.      #
#                     Fall 2012\4_CLEON\3_software\1_developing\cleon\"       #
#                     --core=430X --data_model=large -On --multiplier=32      #
#                     --multiplier_location=4C0 --hw_workaround=CPU40         #
#                     --hw_workaround=CPU42                                   #
#    List file     =  C:\Users\woosuk\Dropbox\lws\ESL\3. Research\7. Fall     #
#                     2012\4_CLEON\3_software\1_developing\cleon\Debug\List\p #
#                     ower_consumption.lst                                    #
#    Object file   =  C:\Users\woosuk\Dropbox\lws\ESL\3. Research\7. Fall     #
#                     2012\4_CLEON\3_software\1_developing\cleon\Debug\Obj\po #
#                     wer_consumption.r43                                     #
#                                                                             #
#                                                                             #
###############################################################################

C:\Users\woosuk\Dropbox\lws\ESL\3. Research\7. Fall 2012\4_CLEON\3_software\1_developing\cleon\doc\power_consumption.c
      1          /** 
      2          @file       power_consumption.c
      3          
      4          @brief      Documentation for CLEON power consumption
      5          
      6          @page       PWR         Power consumption
      7          
      8          @section    PWR         Power consumption
      9                                  - The software is fully interrupt-driven and system remains in low-power-mode almost all the time, except for sensing and USB communication
     10                                      + STAGE 1: Low-power-mode (&asymp; 2.5mA)
     11                                          - Almost all the time, CLEON remains in low-power-mode (LPM)
     12                                      + STAGE 2: MSP430 in AM + GPS on (&asymp; 33mA)
     13                                          - MSP430 is in active mode
     14                                          - Temperature, Humidity, and light sensors are temporarily turned on, then off
     15                                          - GPS is turned-on, stabilized, and in operation
     16                                      + STAGE 3: MSP430 in AM + GPS on + MicroSD writing (&asymp; 73mA)
     17                                          - MSP430 is in active mode
     18                                          - GPS remains on
     19                                          - Captured sensor data and GPS signal is written to MicroSD
     20                                  - The figure below shows power consumption for 3 chunks of data with 50ms chunk gap
     21                                  
     22                                      @image html power_consumption.jpg 
     23          */


 

 


Errors: none
Warnings: none
