###############################################################################
#                                                                             #
# IAR C/C++ Compiler V5.51.2.50607/W32 for MSP430       20/Feb/2013  20:57:38 #
# Copyright 1996-2012 IAR Systems AB.                                         #
#                                                                             #
#    __rt_version  =  3                                                       #
#    __double_size =  64                                                      #
#    __reg_r4      =  free                                                    #
#    __reg_r5      =  free                                                    #
#    __pic         =  no                                                      #
#    __core        =  430X                                                    #
#    __data_model  =  large                                                   #
#    Source file   =  C:\Users\Woosuk\Dropbox\lws\ESL\3. Research\8. Spring   #
#                     2013\3_cleon\3_software\cleon\sys\sys_power.c           #
#    Command line  =  "C:\Users\Woosuk\Dropbox\lws\ESL\3. Research\8. Spring  #
#                     2013\3_cleon\3_software\cleon\sys\sys_power.c" -lC      #
#                     "C:\Users\Woosuk\Dropbox\lws\ESL\3. Research\8. Spring  #
#                     2013\3_cleon\3_software\cleon\Debug\List\" -la          #
#                     "C:\Users\Woosuk\Dropbox\lws\ESL\3. Research\8. Spring  #
#                     2013\3_cleon\3_software\cleon\Debug\List\" -o           #
#                     "C:\Users\Woosuk\Dropbox\lws\ESL\3. Research\8. Spring  #
#                     2013\3_cleon\3_software\cleon\Debug\Obj\" --no_cse      #
#                     --no_unroll --no_inline --no_code_motion --no_tbaa      #
#                     --debug -D__MSP430F5338__ -e --double=64 --dlib_config  #
#                     "C:\Program Files (x86)\IAR Systems\Embedded Workbench  #
#                     6.4\430\LIB\DLIB\dl430xldn.h" -I                        #
#                     "C:\Users\Woosuk\Dropbox\lws\ESL\3. Research\8. Spring  #
#                     2013\3_cleon\3_software\cleon\intro\" -I                #
#                     "C:\Users\Woosuk\Dropbox\lws\ESL\3. Research\8. Spring  #
#                     2013\3_cleon\3_software\cleon\sys\" -I                  #
#                     "C:\Users\Woosuk\Dropbox\lws\ESL\3. Research\8. Spring  #
#                     2013\3_cleon\3_software\cleon\hal\" -I                  #
#                     "C:\Users\Woosuk\Dropbox\lws\ESL\3. Research\8. Spring  #
#                     2013\3_cleon\3_software\cleon\hal\rtclib\" -I           #
#                     "C:\Users\Woosuk\Dropbox\lws\ESL\3. Research\8. Spring  #
#                     2013\3_cleon\3_software\cleon\platform\" -I             #
#                     "C:\Users\Woosuk\Dropbox\lws\ESL\3. Research\8. Spring  #
#                     2013\3_cleon\3_software\cleon\fs\" -I                   #
#                     "C:\Users\Woosuk\Dropbox\lws\ESL\3. Research\8. Spring  #
#                     2013\3_cleon\3_software\cleon\fs\FatFs\" -I             #
#                     "C:\Users\Woosuk\Dropbox\lws\ESL\3. Research\8. Spring  #
#                     2013\3_cleon\3_software\cleon\app\" -I                  #
#                     "C:\Users\Woosuk\Dropbox\lws\ESL\3. Research\8. Spring  #
#                     2013\3_cleon\3_software\cleon\" --core=430X             #
#                     --data_model=large -On --multiplier=32                  #
#                     --multiplier_location=4C0 --hw_workaround=CPU40         #
#                     --hw_workaround=CPU42                                   #
#    List file     =  C:\Users\Woosuk\Dropbox\lws\ESL\3. Research\8. Spring   #
#                     2013\3_cleon\3_software\cleon\Debug\List\sys_power.lst  #
#    Object file   =  C:\Users\Woosuk\Dropbox\lws\ESL\3. Research\8. Spring   #
#                     2013\3_cleon\3_software\cleon\Debug\Obj\sys_power.r43   #
#                                                                             #
#                                                                             #
###############################################################################

C:\Users\Woosuk\Dropbox\lws\ESL\3. Research\8. Spring 2013\3_cleon\3_software\cleon\sys\sys_power.c
      1          /**
      2          @file       sys_power.c
      3          
      4          @brief      Power related functions
      5          */
      6          
      7          #include "cleon_conf.h"
      8          #include "app_define.h"
      9          #include "sys_define.h"

   \                                 In  segment DATA16_AN, at 0x262
   \   union <unnamed> __data16 _A_PDOUT_L
   \                     _A_PDOUT_L:
   \   000000                DS8 2

   \                                 In  segment DATA16_AN, at 0x264
   \   union <unnamed> __data16 _A_PDDIR_L
   \                     _A_PDDIR_L:
   \   000000                DS8 2

   \                                 In  segment DATA16_AN, at 0x282
   \   union <unnamed> __data16 _A_PEOUT_L
   \                     _A_PEOUT_L:
   \   000000                DS8 2

   \                                 In  segment DATA16_AN, at 0x284
   \   union <unnamed> __data16 _A_PEDIR_L
   \                     _A_PEDIR_L:
   \   000000                DS8 2
     10          #include "hal_define.h"
     11          #include "fs_define.h"
     12          
     13          /*----------------------------------------------------------------------------*/
     14          /**
     15          @brief    Initializing power
     16          
     17          @return   void 
     18          
     19          @param    void
     20          */

   \                                 In  segment CODE, align 2
     21          void SYS_PWR_Init(void)
   \                     SYS_PWR_Init:
     22          {   
     23              // Boost-up regulator
     24              BOOST_SHDN_N_PORT(OUT) &= ~BV(BOOST_SHDN_N_PIN);    
   \   000000   F2C010006202 BIC.B   #0x10, &0x262
     25              BOOST_SHDN_N_PORT(DIR) |=  BV(BOOST_SHDN_N_PIN);
   \   000006   F2D010006402 BIS.B   #0x10, &0x264
     26              
     27              // GPS power
     28              GPS_PWR_SHDN_N_PORT(OUT) &= ~BV(GPS_PWR_SHDN_N_PIN);    
   \   00000C   D2C38202     BIC.B   #0x1, &0x282
     29              GPS_PWR_SHDN_N_PORT(DIR) |=  BV(GPS_PWR_SHDN_N_PIN);
   \   000010   D2D38402     BIS.B   #0x1, &0x284
     30          }
   \   000014   1001         RETA
   \   000016                REQUIRE _A_PDOUT_L
   \   000016                REQUIRE _A_PDDIR_L
   \   000016                REQUIRE _A_PEOUT_L
   \   000016                REQUIRE _A_PEDIR_L

   Maximum stack usage in bytes:

   CSTACK Function
   ------ --------
       4  SYS_PWR_Init


   Segment part sizes:

   Bytes  Function/Label
   -----  --------------
      22  SYS_PWR_Init
       2  _A_PDDIR_L
       2  _A_PDOUT_L
       2  _A_PEDIR_L
       2  _A_PEOUT_L

 
 22 bytes in segment CODE
  8 bytes in segment DATA16_AN
 
 22 bytes of CODE memory
  0 bytes of DATA memory (+ 8 bytes shared)

Errors: none
Warnings: none
