###############################################################################
#                                                                             #
# IAR C/C++ Compiler V5.51.1.50592/W32 for MSP430       17/Nov/2012  12:52:07 #
# Copyright 1996-2012 IAR Systems AB.                                         #
#                                                                             #
#    __rt_version  =  3                                                       #
#    __double_size =  64                                                      #
#    __reg_r4      =  free                                                    #
#    __reg_r5      =  free                                                    #
#    __pic         =  no                                                      #
#    __core        =  430X                                                    #
#    __data_model  =  large                                                   #
#    Source file   =  C:\Users\woosuk\Dropbox\lws\ESL\3. Research\7. Fall     #
#                     2012\4_CLEON\3_software\1_developing\cleon\fs\FatFs\uni #
#                     code.c                                                  #
#    Command line  =  "C:\Users\woosuk\Dropbox\lws\ESL\3. Research\7. Fall    #
#                     2012\4_CLEON\3_software\1_developing\cleon\fs\FatFs\uni #
#                     code.c" -lC "C:\Users\woosuk\Dropbox\lws\ESL\3.         #
#                     Research\7. Fall 2012\4_CLEON\3_software\1_developing\c #
#                     leon\Debug\List\" -la "C:\Users\woosuk\Dropbox\lws\ESL\ #
#                     3. Research\7. Fall 2012\4_CLEON\3_software\1_developin #
#                     g\cleon\Debug\List\" -o "C:\Users\woosuk\Dropbox\lws\ES #
#                     L\3. Research\7. Fall 2012\4_CLEON\3_software\1_develop #
#                     ing\cleon\Debug\Obj\" --debug -D__MSP430F5338__ -e      #
#                     --double=64 --dlib_config "C:\Program Files (x86)\IAR   #
#                     Systems\Embedded Workbench                              #
#                     6.4\430\LIB\DLIB\dl430xldn.h" -I                        #
#                     "C:\Users\woosuk\Dropbox\lws\ESL\3. Research\7. Fall    #
#                     2012\4_CLEON\3_software\1_developing\cleon\sys\" -I     #
#                     "C:\Users\woosuk\Dropbox\lws\ESL\3. Research\7. Fall    #
#                     2012\4_CLEON\3_software\1_developing\cleon\hal\" -I     #
#                     "C:\Users\woosuk\Dropbox\lws\ESL\3. Research\7. Fall    #
#                     2012\4_CLEON\3_software\1_developing\cleon\platform\"   #
#                     -I "C:\Users\woosuk\Dropbox\lws\ESL\3. Research\7.      #
#                     Fall 2012\4_CLEON\3_software\1_developing\cleon\fs\"    #
#                     -I "C:\Users\woosuk\Dropbox\lws\ESL\3. Research\7.      #
#                     Fall 2012\4_CLEON\3_software\1_developing\cleon\fs\FatF #
#                     s\" -I "C:\Users\woosuk\Dropbox\lws\ESL\3. Research\7.  #
#                     Fall 2012\4_CLEON\3_software\1_developing\cleon\"       #
#                     --core=430X --data_model=large -Oh --multiplier=32      #
#                     --multiplier_location=4C0 --hw_workaround=CPU40         #
#    List file     =  C:\Users\woosuk\Dropbox\lws\ESL\3. Research\7. Fall     #
#                     2012\4_CLEON\3_software\1_developing\cleon\Debug\List\u #
#                     nicode.lst                                              #
#    Object file   =  C:\Users\woosuk\Dropbox\lws\ESL\3. Research\7. Fall     #
#                     2012\4_CLEON\3_software\1_developing\cleon\Debug\Obj\un #
#                     icode.r43                                               #
#                                                                             #
#                                                                             #
###############################################################################

C:\Users\woosuk\Dropbox\lws\ESL\3. Research\7. Fall 2012\4_CLEON\3_software\1_developing\cleon\fs\FatFs\unicode.c
      1          #include "ff.h"
      2          
      3          #if _USE_LFN != 0
      4          
      5          #if   _CODE_PAGE == 932
      6          #include "cc932.c"
      7          #elif _CODE_PAGE == 936
      8          #include "cc936.c"
      9          #elif _CODE_PAGE == 949
     10          #include "cc949.c"
     11          #elif _CODE_PAGE == 950
     12          #include "cc950.c"
     13          #else
     14          #include "ccsbcs.c"

   \                                 In  segment DATA20_C, align 2, align-sorted
   \   static unsigned short const Tbl[128]
   \                     Tbl:
   \   000000   C700FC00E900 DC16 199, 252, 233, 226, 228, 224, 229, 231, 234, 235, 232, 239, 238
   \            E200E400E000
   \            E500E700EA00
   \            EB00E800EF00
   \            EE00        
   \   00001A   EC00C400C500 DC16 236, 196, 197, 201, 230, 198, 244, 246, 242, 251, 249, 255, 214
   \            C900E600C600
   \            F400F600F200
   \            FB00F900FF00
   \            D600        
   \   000034   DC00A200A300 DC16 220, 162, 163, 165, 8359, 402, 225, 237, 243, 250, 241, 209, 170
   \            A500A7209201
   \            E100ED00F300
   \            FA00F100D100
   \            AA00        
   \   00004E   BA00BF001023 DC16 186, 191, 8976, 172, 189, 188, 161, 171, 187, 9617, 9618, 9619
   \            AC00BD00BC00
   \            A100AB00BB00
   \            912592259325
   \   000066   022524256125 DC16 9474, 9508, 9569, 9570, 9558, 9557, 9571, 9553, 9559, 9565, 9564
   \            622556255525
   \            632551255725
   \            5D255C25    
   \   00007C   5B2510251425 DC16 9563, 9488, 9492, 9524, 9516, 9500, 9472, 9532, 9566, 9567, 9562
   \            34252C251C25
   \            00253C255E25
   \            5F255A25    
   \   000092   542569256625 DC16 9556, 9577, 9574, 9568, 9552, 9580, 9575, 9576, 9572, 9573, 9561
   \            602550256C25
   \            672568256425
   \            65255925    
   \   0000A8   582552255325 DC16 9560, 9554, 9555, 9579, 9578, 9496, 9484, 9608, 9604, 9612, 9616
   \            6B256A251825
   \            0C2588258425
   \            8C259025    
   \   0000BE   8025B103DF00 DC16 9600, 945, 223, 915, 960, 931, 963, 181, 964, 934, 920, 937, 948
   \            9303C003A303
   \            C303B500C403
   \            A6039803A903
   \            B403        
   \   0000D8   1E22C603B503 DC16 8734, 966, 949, 8745, 8801, 177, 8805, 8804, 8992, 8993, 247, 8776
   \            29226122B100
   \            652264222023
   \            2123F7004822
   \   0000F0   B0001922B700 DC16 176, 8729, 183, 8730, 8319, 178, 9632, 160
   \            1A227F20B200
   \            A025A000    

   \                                 In  segment CODE, align 2
   \   __cc_version2 WCHAR ff_convert(WCHAR, UINT)
   \                     ff_convert:
   \   000000   3C908000     CMP.W   #0x80, R12
   \   000004   022C         JC      ??ff_convert_1
   \   000006   0F4C         MOV.W   R12, R15
   \   000008   1D3C         JMP     ??ff_convert_2
   \                     ??ff_convert_1:
   \   00000A   0D93         CMP.W   #0x0, R13
   \   00000C   0D24         JEQ     ??ff_convert_3
   \   00000E   3C900001     CMP.W   #0x100, R12
   \   000012   0228         JNC     ??ff_convert_4
   \   000014   0F43         MOV.W   #0x0, R15
   \   000016   163C         JMP     ??ff_convert_2
   \                     ??ff_convert_4:
   \   000018   3C5080FF     ADD.W   #0xff80, R12
   \   00001C   0F4C         MOV.W   R12, R15
   \   00001E   EF0F         ADDA    R15, R15
   \   000020   ....1F4F.... MOVX.W  Tbl(R15), R15
   \   000026   0E3C         JMP     ??ff_convert_2
   \                     ??ff_convert_3:
   \   000028   0F43         MOV.W   #0x0, R15
   \   00002A   ........     MOVA    #Tbl, R14
   \                     ??ff_convert_0:
   \   00002E   3C9E         CMP.W   @R14+, R12
   \   000030   0724         JEQ     ??ff_convert_5
   \   000032   1F53         ADD.W   #0x1, R15
   \   000034   3C9E         CMP.W   @R14+, R12
   \   000036   0424         JEQ     ??ff_convert_5
   \   000038   1F53         ADD.W   #0x1, R15
   \   00003A   3F908000     CMP.W   #0x80, R15
   \   00003E   F72B         JNC     ??ff_convert_0
   \                     ??ff_convert_5:
   \   000040   7F508000     ADD.B   #0x80, R15
   \                     ??ff_convert_2:
   \   000044   0C4F         MOV.W   R15, R12
   \   000046   1001         RETA

   \                                 In  segment CODE, align 2
   \   __cc_version2 WCHAR ff_wtoupper(WCHAR)
   \                     ff_wtoupper:
   \   000000   0F43         MOV.W   #0x0, R15
   \   000002   ........     MOVA    #??tbl_lower, R14
   \   000006   013C         JMP     ??ff_wtoupper_2
   \                     ??ff_wtoupper_0:
   \   000008   1F53         ADD.W   #0x1, R15
   \                     ??ff_wtoupper_2:
   \   00000A   8E930000     CMP.W   #0x0, 0(R14)
   \   00000E   0224         JEQ     ??ff_wtoupper_3
   \   000010   3C9E         CMP.W   @R14+, R12
   \   000012   FA23         JNE     ??ff_wtoupper_0
   \                     ??ff_wtoupper_3:
   \   000014   3FE00080     XOR.W   #0x8000, R15
   \   000018   EF0F         ADDA    R15, R15
   \   00001A   CE0F         MOVA    R15, R14
   \   00001C   AE0F0000     ADDA    #0xf0000, R14
   \   000020   ....8E93.... CMPX.W  #0x0, ??tbl_lower(R14)
   \   000026   0324         JEQ     ??ff_wtoupper_1
   \   000028   ....1C4E.... MOVX.W  ??tbl_upper(R14), R12
   \                     ??ff_wtoupper_1:
   \   00002E   1001         RETA

   \                                 In  segment DATA20_C, align 2, align-sorted
   \   unsigned short const ff_wtoupper::tbl_lower[240]
   \                     ??tbl_lower:
   \   000000   610062006300 DC16 97, 98, 99, 100, 101, 102, 103, 104, 105, 106, 107, 108, 109, 110
   \            640065006600
   \            670068006900
   \            6A006B006C00
   \            6D006E00    
   \   00001C   6F0070007100 DC16 111, 112, 113, 114, 115, 116, 117, 118, 119, 120, 121, 122, 161
   \            720073007400
   \            750076007700
   \            780079007A00
   \            A100        
   \   000036   A200A300A500 DC16 162, 163, 165, 172, 175, 224, 225, 226, 227, 228, 229, 230, 231
   \            AC00AF00E000
   \            E100E200E300
   \            E400E500E600
   \            E700        
   \   000050   E800E900EA00 DC16 232, 233, 234, 235, 236, 237, 238, 239, 240, 241, 242, 243, 244
   \            EB00EC00ED00
   \            EE00EF00F000
   \            F100F200F300
   \            F400        
   \   00006A   F500F600F800 DC16 245, 246, 248, 249, 250, 251, 252, 253, 254, 255, 257, 259, 261
   \            F900FA00FB00
   \            FC00FD00FE00
   \            FF0001010301
   \            0501        
   \   000084   070109010B01 DC16 263, 265, 267, 269, 271, 273, 275, 277, 279, 281, 283, 285, 287
   \            0D010F011101
   \            130115011701
   \            19011B011D01
   \            1F01        
   \   00009E   210123012501 DC16 289, 291, 293, 295, 297, 299, 301, 303, 305, 307, 309, 311, 314
   \            270129012B01
   \            2D012F013101
   \            330135013701
   \            3A01        
   \   0000B8   3C013E014001 DC16 316, 318, 320, 322, 324, 326, 328, 331, 333, 335, 337, 339, 341
   \            420144014601
   \            48014B014D01
   \            4F0151015301
   \            5501        
   \   0000D2   570159015B01 DC16 343, 345, 347, 349, 351, 353, 355, 357, 359, 361, 363, 365, 367
   \            5D015F016101
   \            630165016701
   \            69016B016D01
   \            6F01        
   \   0000EC   710173017501 DC16 369, 371, 373, 375, 378, 380, 382, 402, 945, 946, 947, 948, 949
   \            77017A017C01
   \            7E019201B103
   \            B203B303B403
   \            B503        
   \   000106   B603B703B803 DC16 950, 951, 952, 953, 954, 955, 956, 957, 958, 959, 960, 961, 963
   \            B903BA03BB03
   \            BC03BD03BE03
   \            BF03C003C103
   \            C303        
   \   000120   C403C503C603 DC16 964, 965, 966, 967, 968, 969, 970, 1072, 1073, 1074, 1075, 1076
   \            C703C803C903
   \            CA0330043104
   \            320433043404
   \   000138   350436043704 DC16 1077, 1078, 1079, 1080, 1081, 1082, 1083, 1084, 1085, 1086, 1087
   \            380439043A04
   \            3B043C043D04
   \            3E043F04    
   \   00014E   400441044204 DC16 1088, 1089, 1090, 1091, 1092, 1093, 1094, 1095, 1096, 1097, 1098
   \            430444044504
   \            460447044804
   \            49044A04    
   \   000164   4B044C044D04 DC16 1099, 1100, 1101, 1102, 1103, 1105, 1106, 1107, 1108, 1109, 1110
   \            4E044F045104
   \            520453045404
   \            55045604    
   \   00017A   570458045904 DC16 1111, 1112, 1113, 1114, 1115, 1116, 1118, 1119, 8560, 8561, 8562
   \            5A045B045C04
   \            5E045F047021
   \            71217221    
   \   000190   732174217521 DC16 8563, 8564, 8565, 8566, 8567, 8568, 8569, 8570, 8571, 8572, 8573
   \            762177217821
   \            79217A217B21
   \            7C217D21    
   \   0001A6   7E217F2141FF DC16 8574, 8575, 65345, 65346, 65347, 65348, 65349, 65350, 65351, 65352
   \            42FF43FF44FF
   \            45FF46FF47FF
   \            48FF        
   \   0001BA   49FF4AFF4BFF DC16 65353, 65354, 65355, 65356, 65357, 65358, 65359, 65360, 65361
   \            4CFF4DFF4EFF
   \            4FFF50FF51FF
   \   0001CC   52FF53FF54FF DC16 65362, 65363, 65364, 65365, 65366, 65367, 65368, 65369, 65370, 0
   \            55FF56FF57FF
   \            58FF59FF5AFF
   \            0000        

   \                                 In  segment DATA20_C, align 2, align-sorted
   \   unsigned short const ff_wtoupper::tbl_upper[240]
   \                     ??tbl_upper:
   \   000000   410042004300 DC16 65, 66, 67, 68, 69, 70, 71, 72, 73, 74, 75, 76, 77, 78, 79, 80, 81
   \            440045004600
   \            470048004900
   \            4A004B004C00
   \            4D004E004F00
   \            50005100    
   \   000022   520053005400 DC16 82, 83, 84, 85, 86, 87, 88, 89, 90, 33, 65504, 65505, 65509, 65506
   \            550056005700
   \            580059005A00
   \            2100E0FFE1FF
   \            E5FFE2FF    
   \   00003E   E3FFC000C100 DC16 65507, 192, 193, 194, 195, 196, 197, 198, 199, 200, 201, 202, 203
   \            C200C300C400
   \            C500C600C700
   \            C800C900CA00
   \            CB00        
   \   000058   CC00CD00CE00 DC16 204, 205, 206, 207, 208, 209, 210, 211, 212, 213, 214, 216, 217
   \            CF00D000D100
   \            D200D300D400
   \            D500D600D800
   \            D900        
   \   000072   DA00DB00DC00 DC16 218, 219, 220, 221, 222, 376, 256, 258, 260, 262, 264, 266, 268
   \            DD00DE007801
   \            000102010401
   \            060108010A01
   \            0C01        
   \   00008C   0E0110011201 DC16 270, 272, 274, 276, 278, 280, 282, 284, 286, 288, 290, 292, 294
   \            140116011801
   \            1A011C011E01
   \            200122012401
   \            2601        
   \   0000A6   28012A012C01 DC16 296, 298, 300, 302, 304, 306, 308, 310, 313, 315, 317, 319, 321
   \            2E0130013201
   \            340136013901
   \            3B013D013F01
   \            4101        
   \   0000C0   430145014701 DC16 323, 325, 327, 330, 332, 334, 336, 338, 340, 342, 344, 346, 348
   \            4A014C014E01
   \            500152015401
   \            560158015A01
   \            5C01        
   \   0000DA   5E0160016201 DC16 350, 352, 354, 356, 358, 360, 362, 364, 366, 368, 370, 372, 374
   \            640166016801
   \            6A016C016E01
   \            700172017401
   \            7601        
   \   0000F4   79017B017D01 DC16 377, 379, 381, 401, 913, 914, 915, 916, 917, 918, 919, 920, 921
   \            910191039203
   \            930394039503
   \            960397039803
   \            9903        
   \   00010E   9A039B039C03 DC16 922, 923, 924, 925, 926, 927, 928, 929, 931, 932, 933, 934, 935
   \            9D039E039F03
   \            A003A103A303
   \            A403A503A603
   \            A703        
   \   000128   A803A903AA03 DC16 936, 937, 938, 1040, 1041, 1042, 1043, 1044, 1045, 1046, 1047
   \            100411041204
   \            130414041504
   \            16041704    
   \   00013E   180419041A04 DC16 1048, 1049, 1050, 1051, 1052, 1053, 1054, 1055, 1056, 1057, 1058
   \            1B041C041D04
   \            1E041F042004
   \            21042204    
   \   000154   230424042504 DC16 1059, 1060, 1061, 1062, 1063, 1064, 1065, 1066, 1067, 1068, 1069
   \            260427042804
   \            29042A042B04
   \            2C042D04    
   \   00016A   2E042F040104 DC16 1070, 1071, 1025, 1026, 1027, 1028, 1029, 1030, 1031, 1032, 1033
   \            020403040404
   \            050406040704
   \            08040904    
   \   000180   0A040B040C04 DC16 1034, 1035, 1036, 1038, 1039, 8544, 8545, 8546, 8547, 8548, 8549
   \            0E040F046021
   \            612162216321
   \            64216521    
   \   000196   662167216821 DC16 8550, 8551, 8552, 8553, 8554, 8555, 8556, 8557, 8558, 8559, 65313
   \            69216A216B21
   \            6C216D216E21
   \            6F2121FF    
   \   0001AC   22FF23FF24FF DC16 65314, 65315, 65316, 65317, 65318, 65319, 65320, 65321, 65322
   \            25FF26FF27FF
   \            28FF29FF2AFF
   \   0001BE   2BFF2CFF2DFF DC16 65323, 65324, 65325, 65326, 65327, 65328, 65329, 65330, 65331
   \            2EFF2FFF30FF
   \            31FF32FF33FF
   \   0001D0   34FF35FF36FF DC16 65332, 65333, 65334, 65335, 65336, 65337, 65338, 0
   \            37FF38FF39FF
   \            3AFF0000    
     15          #endif
     16          
     17          #endif

   Maximum stack usage in bytes:

   CSTACK Function
   ------ --------
       4  ff_convert
       4  ff_wtoupper


   Segment part sizes:

   Bytes  Function/Label
   -----  --------------
     256  Tbl
      72  ff_convert
      48  ff_wtoupper
     480  tbl_lower
     480  tbl_upper

 
   120 bytes in segment CODE
 1 216 bytes in segment DATA20_C
 
   120 bytes of CODE  memory
 1 216 bytes of CONST memory

Errors: none
Warnings: none
